<?xml version="1.0" encoding="UTF-8"?>
<testsuite xmlns:xsi="http://www.w3.org/2001/XMLSchema-instance" xsi:noNamespaceSchemaLocation="https://maven.apache.org/surefire/maven-surefire-plugin/xsd/surefire-test-report-3.0.xsd" version="3.0" name="com.bank.atm.repository.CashRepositoryImplTest" time="0.024" tests="5" errors="0" skipped="0" failures="0">
  <properties>
[...]
</properties>
  <testcase name="TestCurrentBalance" classname="com.bank.atm.repository.CashRepositoryImplTest" time="0.01"/>
  <testcase name="TestWithdrawCash" classname="com.bank.atm.repository.CashRepositoryImplTest" time="0.001"/>
  <testcase name="TestCurrentBalanceAfterWithdraw" classname="com.bank.atm.repository.CashRepositoryImplTest" time="0.002"/>
  <testcase name="TestReloadBalance" classname="com.bank.atm.repository.CashRepositoryImplTest" time="0.003"/>
  <testcase name="TestCurrentBalanceAfterReload" classname="com.bank.atm.repository.CashRepositoryImplTest" time="0.001"/>
</testsuite>